<?xml version="1.0" encoding="UTF-8" ?>
<testsuite failures="0" time="0.009" errors="0" skipped="0" tests="4" name="ch.lambdaj.SwitcherTest">
  <properties>
[...]
</properties>
  <testcase time="0.005" classname="ch.lambdaj.SwitcherTest" name="testExecSwitch"/>
  <testcase time="0.001" classname="ch.lambdaj.SwitcherTest" name="testExecAllSwitch"/>
  <testcase time="0.001" classname="ch.lambdaj.SwitcherTest" name="testSwitchOnPersons"/>
  <testcase time="0.001" classname="ch.lambdaj.SwitcherTest" name="testSwitchAsFactory"/>
</testsuite>