<?xml version="1.0"?>
<!DOCTYPE coverage SYSTEM "http://cobertura.sourceforge.net/xml/coverage-04.dtd">

<coverage line-rate="0.9509862522414824" branch-rate="0.8371531966224367" lines-covered="1591" lines-valid="1673" branches-covered="694" branches-valid="829" complexity="1.8296703296703296" version="1.9.4.1" timestamp="1329082219043">
	<sources>
		<source>C:/data/dev/intellij/lambdaj/src/main/java</source>
		<source>--source</source>
	</sources>
	<packages>
		<package name="ch.lambdaj" line-rate="0.9813664596273292" branch-rate="0.9393939393939394" complexity="1.5473684210526315">
			<classes>
				<class name="ch.lambdaj.Lambda" filename="ch/lambdaj/Lambda.java" line-rate="0.9813664596273292" branch-rate="0.9393939393939394" complexity="1.5473684210526315">
					<methods>
						<method name="&lt;clinit&gt;" signature="()V" line-rate="1.0" branch-rate="1.0">
							<lines>
								<line number="510" hits="1" branch="false"/>
								<line number="511" hits="1" branch="false"/>
								<line number="512" hits="1" branch="false"/>
								<line number="513" hits="1" branch="false"/>
							</lines>
						</method>
						<method name="&lt;init&gt;" signature="()V" line-rate="0.0" branch-rate="1.0">
							<lines>
								<line number="37" hits="0" branch="false"/>
							</lines>
						</method>
						<method name="aggregate" signature="(Ljava/lang/Object;Lch/lambdaj/function/aggregate/Aggregator;)Ljava/lang/Object;" line-rate="1.0" branch-rate="1.0">
							<lines>
								<line number="525" hits="83" branch="false"/>
							</lines>
						</method>
						<method name="aggregate" signature="(Ljava/lang/Object;Lch/lambdaj/function/aggregate/Aggregator;Ljava/lang/Object;)Ljava/lang/Object;" line-rate="1.0" branch-rate="1.0">
							<lines>
								<line number="540" hits="8" branch="false"/>
							</lines>
						</method>
						<method name="aggregateFrom" signature="(Ljava/lang/Iterable;Lch/lambdaj/function/aggregate/Aggregator;)Ljava/lang/Object;" line-rate="1.0" branch-rate="1.0">
							<lines>
								<line number="556" hits="22" branch="false"/>
							</lines>
						</method>
						<method name="aggregateFrom" signature="(Ljava/lang/Iterable;Ljava/lang/Class;Lch/lambdaj/function/aggregate/Aggregator;)Ljava/lang/Object;" line-rate="1.0" branch-rate="1.0">
							<lines>
								<line number="573" hits="30" branch="false"/>
							</lines>
						</method>
						<method name="argument" signature="(Ljava/lang/Object;)Lch/lambdaj/function/argument/Argument;" line-rate="1.0" branch-rate="1.0">
							<lines>
								<line number="72" hits="6" branch="false"/>
							</lines>
						</method>
						<method name="as" signature="(Ljava/lang/Object;)Lch/lambdaj/function/convert/Converter;" line-rate="1.0" branch-rate="1.0">
							<lines>
								<line number="1170" hits="1" branch="false"/>
							</lines>
						</method>
						<method name="as" signature="(Ljava/lang/String;Ljava/lang/Object;)Lch/lambdaj/function/convert/Converter;" line-rate="1.0" branch-rate="1.0">
							<lines>
								<line number="1180" hits="1" branch="false"/>
							</lines>
						</method>
						<method name="avg" signature="(Ljava/lang/Object;)Ljava/lang/Number;" line-rate="1.0" branch-rate="1.0">
							<lines>
								<line number="672" hits="1" branch="false"/>
							</lines>
						</method>
						<method name="avg" signature="(Ljava/lang/Object;Ljava/lang/Object;)Ljava/lang/Object;" line-rate="1.0" branch-rate="1.0">
							<lines>
								<line number="685" hits="6" branch="false"/>
							</lines>
						</method>
						<method name="avgFrom" signature="(Ljava/lang/Iterable;)Ljava/lang/Object;" line-rate="1.0" branch-rate="1.0">
							<lines>
								<line number="713" hits="3" branch="false"/>
							</lines>
						</method>
						<method name="avgFrom" signature="(Ljava/lang/Iterable;Ljava/lang/Class;)Ljava/lang/Object;" line-rate="1.0" branch-rate="1.0">
							<lines>
								<line number="734" hits="3" branch="false"/>
							</lines>
						</method>
						<method name="by" signature="(Ljava/lang/Object;)Lch/lambdaj/group/ArgumentGroupCondition;" line-rate="1.0" branch-rate="1.0">
							<lines>
								<line number="1217" hits="22" branch="false"/>
							</lines>
						</method>
						<method name="closure" signature="()Lch/lambdaj/function/closure/Closure;" line-rate="1.0" branch-rate="1.0">
							<lines>
								<line number="1296" hits="30" branch="false"/>
							</lines>
						</method>
						<method name="closure" signature="(Ljava/lang/Class;)Lch/lambdaj/function/closure/Closure1;" line-rate="1.0" branch-rate="1.0">
							<lines>
								<line number="1305" hits="13" branch="false"/>
							</lines>
						</method>
						<method name="closure" signature="(Ljava/lang/Class;Ljava/lang/Class;)Lch/lambdaj/function/closure/Closure2;" line-rate="1.0" branch-rate="1.0">
							<lines>
								<line number="1315" hits="6" branch="false"/>
							</lines>
						</method>
						<method name="closure" signature="(Ljava/lang/Class;Ljava/lang/Class;Ljava/lang/Class;)Lch/lambdaj/function/closure/Closure3;" line-rate="1.0" branch-rate="1.0">
							<lines>
								<line number="1326" hits="2" branch="false"/>
							</lines>
						</method>
						<method name="closure" signature="(Ljava/lang/Class;Ljava/lang/Class;Ljava/lang/Class;Ljava/lang/Class;)Lch/lambdaj/function/closure/Closure4;" line-rate="1.0" branch-rate="1.0">
							<lines>
								<line number="1338" hits="4" branch="false"/>
							</lines>
						</method>
						<method name="collect" signature="(Ljava/lang/Object;)Ljava/util/List;" line-rate="1.0" branch-rate="1.0">
							<lines>
								<line number="194" hits="1" branch="false"/>
								<line number="195" hits="1" branch="false"/>
								<line number="196" hits="5" branch="true" condition-coverage="100% (2/2)">
									<conditions>
										<condition number="0" type="jump" coverage="100%"/>
									</conditions>
								</line>
								<line number="197" hits="1" branch="false"/>
							</lines>
						</method>
						<method name="collect" signature="(Ljava/lang/Object;Ljava/lang/Object;)Ljava/util/List;" line-rate="1.0" branch-rate="1.0">
							<lines>
								<line number="217" hits="3" branch="false"/>
							</lines>
						</method>
						<method name="convert" signature="(Ljava/lang/Object;Lch/lambdaj/function/convert/Converter;)Ljava/util/List;" line-rate="1.0" branch-rate="1.0">
							<lines>
								<line number="1016" hits="33" branch="false"/>
								<line number="1017" hits="33" branch="true" condition-coverage="100% (2/2)">
									<conditions>
										<condition number="0" type="jump" coverage="100%"/>
									</conditions>
								</line>
								<line number="1018" hits="31" branch="false"/>
							</lines>
						</method>
						<method name="convertIterator" signature="(Ljava/lang/Object;Lch/lambdaj/function/convert/Converter;)Ljava/util/Iterator;" line-rate="1.0" branch-rate="1.0">
							<lines>
								<line number="1030" hits="68" branch="false"/>
							</lines>
						</method>
						<method name="convertMap" signature="(Ljava/util/Map;Lch/lambdaj/function/convert/Converter;)Ljava/util/Map;" line-rate="1.0" branch-rate="1.0">
							<lines>
								<line number="1041" hits="4" branch="false"/>
								<line number="1042" hits="4" branch="true" condition-coverage="100% (2/2)">
									<conditions>
										<condition number="0" type="jump" coverage="100%"/>
									</conditions>
								</line>
								<line number="1043" hits="4" branch="false"/>
							</lines>
						</method>
						<method name="convertMap" signature="(Ljava/util/Map;Ljava/lang/Object;)Ljava/util/Map;" line-rate="1.0" branch-rate="1.0">
							<lines>
								<line number="1054" hits="2" branch="false"/>
							</lines>
						</method>
						<method name="count" signature="(Ljava/lang/Object;)Ljava/util/Map;" line-rate="1.0" branch-rate="1.0">
							<lines>
								<line number="276" hits="1" branch="false"/>
								<line number="277" hits="1" branch="true" condition-coverage="100% (2/2)">
									<conditions>
										<condition number="0" type="jump" coverage="100%"/>
									</conditions>
								</line>
								<line number="278" hits="6" branch="false"/>
								<line number="279" hits="6" branch="false"/>
								<line number="280" hits="6" branch="true" condition-coverage="100% (2/2)">
									<conditions>
										<condition number="0" type="jump" coverage="100%"/>
									</conditions>
								</line>
								<line number="281" hits="6" branch="false"/>
								<line number="282" hits="1" branch="false"/>
							</lines>
						</method>
						<method name="count" signature="(Ljava/lang/Object;Ljava/lang/Object;)Ljava/util/Map;" line-rate="1.0" branch-rate="1.0">
							<lines>
								<line number="294" hits="1" branch="false"/>
							</lines>
						</method>
						<method name="delayedClosure" signature="(Lch/lambdaj/function/closure/DelayedClosure;)Lch/lambdaj/function/closure/ClosureResult;" line-rate="1.0" branch-rate="1.0">
							<lines>
								<line number="1347" hits="2" branch="false"/>
							</lines>
						</method>
						<method name="enableJitting" signature="(Z)V" line-rate="1.0" branch-rate="1.0">
							<lines>
								<line number="44" hits="2" branch="false"/>
								<line number="45" hits="2" branch="false"/>
							</lines>
						</method>
						<method name="exists" signature="(Ljava/lang/Object;Lorg/hamcrest/Matcher;)Z" line-rate="1.0" branch-rate="1.0">
							<lines>
								<line number="400" hits="6" branch="true" condition-coverage="100% (2/2)">
									<conditions>
										<condition number="0" type="jump" coverage="100%"/>
									</conditions>
								</line>
							</lines>
						</method>
						<method name="extract" signature="(Ljava/lang/Object;Ljava/lang/Object;)Ljava/util/List;" line-rate="1.0" branch-rate="1.0">
							<lines>
								<line number="1066" hits="15" branch="false"/>
							</lines>
						</method>
						<method name="extractIterator" signature="(Ljava/lang/Object;Ljava/lang/Object;)Ljava/util/Iterator;" line-rate="1.0" branch-rate="1.0">
							<lines>
								<line number="1080" hits="2" branch="false"/>
							</lines>
						</method>
						<method name="extractProperty" signature="(Ljava/lang/Object;Ljava/lang/String;)Ljava/util/List;" line-rate="1.0" branch-rate="1.0">
							<lines>
								<line number="1103" hits="1" branch="false"/>
							</lines>
						</method>
						<method name="extractString" signature="(Ljava/lang/Object;)Ljava/util/List;" line-rate="1.0" branch-rate="1.0">
							<lines>
								<line number="1091" hits="1" branch="false"/>
							</lines>
						</method>
						<method name="filter" signature="(Lorg/hamcrest/Matcher;Ljava/lang/Iterable;)Ljava/util/List;" line-rate="1.0" branch-rate="1.0">
							<lines>
								<line number="308" hits="3003" branch="false"/>
							</lines>
						</method>
						<method name="filter" signature="(Lorg/hamcrest/Matcher;[Ljava/lang/Object;)Ljava/util/List;" line-rate="1.0" branch-rate="1.0">
							<lines>
								<line number="318" hits="2" branch="false"/>
							</lines>
						</method>
						<method name="flatten" signature="(Ljava/lang/Object;)Ljava/util/List;" line-rate="1.0" branch-rate="1.0">
							<lines>
								<line number="182" hits="2" branch="false"/>
							</lines>
						</method>
						<method name="forEach" signature="(Ljava/lang/Class;[Ljava/lang/Object;)Ljava/lang/Object;" line-rate="1.0" branch-rate="1.0">
							<lines>
								<line number="167" hits="3" branch="false"/>
							</lines>
						</method>
						<method name="forEach" signature="(Ljava/lang/Iterable;)Ljava/lang/Object;" line-rate="1.0" branch-rate="1.0">
							<lines>
								<line number="90" hits="15" branch="false"/>
								<line number="91" hits="15" branch="true" condition-coverage="100% (2/2)">
									<conditions>
										<condition number="0" type="jump" coverage="100%"/>
									</conditions>
								</line>
								<line number="92" hits="2" branch="false"/>
								<line number="93" hits="13" branch="false"/>
							</lines>
						</method>
						<method name="forEach" signature="(Ljava/lang/Iterable;Ljava/lang/Class;)Ljava/lang/Object;" line-rate="1.0" branch-rate="1.0">
							<lines>
								<line number="129" hits="2" branch="false"/>
							</lines>
						</method>
						<method name="forEach" signature="(Ljava/util/Iterator;)Ljava/lang/Object;" line-rate="1.0" branch-rate="1.0">
							<lines>
								<line number="107" hits="7" branch="true" condition-coverage="100% (2/2)">
									<conditions>
										<condition number="0" type="jump" coverage="100%"/>
									</conditions>
								</line>
								<line number="108" hits="1" branch="false"/>
								<line number="109" hits="6" branch="false"/>
								<line number="110" hits="6" branch="false"/>
							</lines>
						</method>
						<method name="forEach" signature="(Ljava/util/Iterator;Ljava/lang/Class;)Ljava/lang/Object;" line-rate="1.0" branch-rate="1.0">
							<lines>
								<line number="144" hits="1" branch="false"/>
							</lines>
						</method>
						<method name="forEach" signature="([Ljava/lang/Object;)Ljava/lang/Object;" line-rate="1.0" branch-rate="1.0">
							<lines>
								<line number="155" hits="3" branch="false"/>
							</lines>
						</method>
						<method name="getSumAggregator" signature="(Ljava/lang/Object;)Lch/lambdaj/function/aggregate/Aggregator;" line-rate="1.0" branch-rate="1.0">
							<lines>
								<line number="504" hits="23" branch="true" condition-coverage="100% (2/2)">
									<conditions>
										<condition number="0" type="jump" coverage="100%"/>
									</conditions>
								</line>
								<line number="505" hits="11" branch="true" condition-coverage="100% (2/2)">
									<conditions>
										<condition number="0" type="jump" coverage="100%"/>
									</conditions>
								</line>
								<line number="506" hits="8" branch="true" condition-coverage="100% (2/2)">
									<conditions>
										<condition number="0" type="jump" coverage="100%"/>
									</conditions>
								</line>
								<line number="507" hits="7" branch="false"/>
							</lines>
						</method>
						<method name="group" signature="(Ljava/lang/Iterable;Ljava/util/Collection;)Lch/lambdaj/group/Group;" line-rate="1.0" branch-rate="1.0">
							<lines>
								<line number="1227" hits="9" branch="false"/>
							</lines>
						</method>
						<method name="group" signature="(Ljava/lang/Iterable;[Lch/lambdaj/group/GroupCondition;)Lch/lambdaj/group/Group;" line-rate="1.0" branch-rate="1.0">
							<lines>
								<line number="1247" hits="16" branch="false"/>
							</lines>
						</method>
						<method name="group" signature="(Ljava/lang/Iterable;[Ljava/lang/String;)Lch/lambdaj/group/Group;" line-rate="1.0" branch-rate="1.0">
							<lines>
								<line number="1237" hits="3" branch="false"/>
							</lines>
						</method>
						<method name="having" signature="(Ljava/lang/Boolean;)Lch/lambdaj/function/matcher/HasArgumentWithValue;" line-rate="1.0" branch-rate="1.0">
							<lines>
								<line number="1193" hits="12" branch="false"/>
							</lines>
						</method>
						<method name="having" signature="(Ljava/lang/Object;Lorg/hamcrest/Matcher;)Lch/lambdaj/function/matcher/HasArgumentWithValue;" line-rate="1.0" branch-rate="1.0">
							<lines>
								<line number="1204" hits="103041" branch="false"/>
							</lines>
						</method>
						<method name="index" signature="(Ljava/lang/Object;Ljava/lang/Object;)Ljava/util/Map;" line-rate="1.0" branch-rate="1.0">
							<lines>
								<line number="1133" hits="21" branch="false"/>
							</lines>
						</method>
						<method name="join" signature="(Ljava/lang/Object;)Ljava/lang/String;" line-rate="1.0" branch-rate="1.0">
							<lines>
								<line number="984" hits="21" branch="false"/>
							</lines>
						</method>
						<method name="join" signature="(Ljava/lang/Object;Ljava/lang/String;)Ljava/lang/String;" line-rate="1.0" branch-rate="1.0">
							<lines>
								<line number="997" hits="30" branch="true" condition-coverage="100% (2/2)">
									<conditions>
										<condition number="0" type="jump" coverage="100%"/>
									</conditions>
								</line>
								<line number="999" hits="29" branch="false"/>
								<line number="1000" hits="11" branch="false"/>
							</lines>
						</method>
						<method name="joinFrom" signature="(Ljava/lang/Iterable;)Ljava/lang/Object;" line-rate="1.0" branch-rate="1.0">
							<lines>
								<line number="902" hits="4" branch="false"/>
							</lines>
						</method>
						<method name="joinFrom" signature="(Ljava/lang/Iterable;Ljava/lang/Class;)Ljava/lang/Object;" line-rate="1.0" branch-rate="1.0">
							<lines>
								<line number="948" hits="1" branch="false"/>
							</lines>
						</method>
						<method name="joinFrom" signature="(Ljava/lang/Iterable;Ljava/lang/Class;Ljava/lang/String;)Ljava/lang/Object;" line-rate="1.0" branch-rate="1.0">
							<lines>
								<line number="972" hits="1" branch="false"/>
							</lines>
						</method>
						<method name="joinFrom" signature="(Ljava/lang/Iterable;Ljava/lang/String;)Ljava/lang/Object;" line-rate="1.0" branch-rate="1.0">
							<lines>
								<line number="925" hits="2" branch="false"/>
							</lines>
						</method>
						<method name="map" signature="(Ljava/lang/Object;Lch/lambdaj/function/convert/Converter;)Ljava/util/Map;" line-rate="1.0" branch-rate="1.0">
							<lines>
								<line number="1115" hits="21" branch="false"/>
								<line number="1116" hits="21" branch="false"/>
								<line number="1117" hits="130" branch="true" condition-coverage="100% (2/2)">
									<conditions>
										<condition number="0" type="jump" coverage="100%"/>
									</conditions>
								</line>
								<line number="1118" hits="109" branch="false"/>
								<line number="1119" hits="109" branch="false"/>
								<line number="1120" hits="109" branch="false"/>
								<line number="1121" hits="21" branch="false"/>
							</lines>
						</method>
						<method name="max" signature="(Ljava/lang/Object;)Ljava/lang/Object;" line-rate="1.0" branch-rate="1.0">
							<lines>
								<line number="820" hits="3" branch="false"/>
							</lines>
						</method>
						<method name="max" signature="(Ljava/lang/Object;Ljava/lang/Object;)Ljava/lang/Object;" line-rate="1.0" branch-rate="1.0">
							<lines>
								<line number="833" hits="3" branch="false"/>
							</lines>
						</method>
						<method name="maxFrom" signature="(Ljava/lang/Iterable;)Ljava/lang/Object;" line-rate="1.0" branch-rate="1.0">
							<lines>
								<line number="856" hits="4" branch="false"/>
							</lines>
						</method>
						<method name="maxFrom" signature="(Ljava/lang/Iterable;Ljava/lang/Class;)Ljava/lang/Object;" line-rate="1.0" branch-rate="1.0">
							<lines>
								<line number="878" hits="1" branch="false"/>
							</lines>
						</method>
						<method name="min" signature="(Ljava/lang/Object;)Ljava/lang/Object;" line-rate="1.0" branch-rate="1.0">
							<lines>
								<line number="748" hits="3" branch="false"/>
							</lines>
						</method>
						<method name="min" signature="(Ljava/lang/Object;Ljava/lang/Object;)Ljava/lang/Object;" line-rate="1.0" branch-rate="1.0">
							<lines>
								<line number="761" hits="4" branch="false"/>
							</lines>
						</method>
						<method name="minFrom" signature="(Ljava/lang/Iterable;)Ljava/lang/Object;" line-rate="1.0" branch-rate="1.0">
							<lines>
								<line number="784" hits="2" branch="false"/>
							</lines>
						</method>
						<method name="minFrom" signature="(Ljava/lang/Iterable;Ljava/lang/Class;)Ljava/lang/Object;" line-rate="1.0" branch-rate="1.0">
							<lines>
								<line number="806" hits="1" branch="false"/>
							</lines>
						</method>
						<method name="of" signature="(Ljava/lang/Class;)Ljava/lang/Object;" line-rate="1.0" branch-rate="1.0">
							<lines>
								<line number="1269" hits="3" branch="false"/>
							</lines>
						</method>
						<method name="of" signature="(Ljava/lang/Object;)Ljava/lang/Object;" line-rate="1.0" branch-rate="1.0">
							<lines>
								<line number="1260" hits="31" branch="false"/>
							</lines>
						</method>
						<method name="of" signature="(Ljava/lang/Object;Ljava/lang/Class;)Ljava/lang/Object;" line-rate="1.0" branch-rate="1.0">
							<lines>
								<line number="1279" hits="32" branch="false"/>
							</lines>
						</method>
						<method name="on" signature="(Ljava/lang/Class;)Ljava/lang/Object;" line-rate="1.0" branch-rate="1.0">
							<lines>
								<line number="63" hits="103218" branch="false"/>
							</lines>
						</method>
						<method name="project" signature="(Ljava/lang/Object;Ljava/lang/Class;[Ljava/lang/Object;)Ljava/util/List;" line-rate="1.0" branch-rate="1.0">
							<lines>
								<line number="1148" hits="9" branch="false"/>
							</lines>
						</method>
						<method name="project" signature="(Ljava/lang/Object;[Lch/lambdaj/function/convert/Converter;)Ljava/util/List;" line-rate="1.0" branch-rate="1.0">
							<lines>
								<line number="1160" hits="1" branch="false"/>
							</lines>
						</method>
						<method name="registerFinalClassArgumentCreator" signature="(Ljava/lang/Class;Lch/lambdaj/function/argument/FinalClassArgumentCreator;)V" line-rate="0.0" branch-rate="1.0">
							<lines>
								<line number="54" hits="0" branch="false"/>
								<line number="55" hits="0" branch="false"/>
							</lines>
						</method>
						<method name="select" signature="(Ljava/lang/Iterable;Lorg/hamcrest/Matcher;)Ljava/util/List;" line-rate="1.0" branch-rate="1.0">
							<lines>
								<line number="344" hits="103043" branch="true" condition-coverage="100% (2/2)">
									<conditions>
										<condition number="0" type="jump" coverage="100%"/>
									</conditions>
								</line>
								<line number="345" hits="103042" branch="false"/>
							</lines>
						</method>
						<method name="select" signature="(Ljava/lang/Object;Lorg/hamcrest/Matcher;)Ljava/util/List;" line-rate="1.0" branch-rate="1.0">
							<lines>
								<line number="357" hits="4" branch="false"/>
							</lines>
						</method>
						<method name="select" signature="(Ljava/util/Iterator;Lorg/hamcrest/Matcher;)Ljava/util/List;" line-rate="1.0" branch-rate="1.0">
							<lines>
								<line number="328" hits="103047" branch="false"/>
								<line number="329" hits="103047" branch="true" condition-coverage="100% (2/2)">
									<conditions>
										<condition number="0" type="jump" coverage="100%"/>
									</conditions>
								</line>
								<line number="330" hits="6003730" branch="true" condition-coverage="100% (2/2)">
									<conditions>
										<condition number="0" type="jump" coverage="100%"/>
									</conditions>
								</line>
								<line number="331" hits="5900684" branch="false"/>
								<line number="332" hits="5900684" branch="true" condition-coverage="100% (2/2)">
									<conditions>
										<condition number="0" type="jump" coverage="100%"/>
									</conditions>
								</line>
								<line number="333" hits="5900684" branch="false"/>
								<line number="334" hits="103046" branch="false"/>
							</lines>
						</method>
						<method name="selectDistinct" signature="(Ljava/lang/Iterable;)Ljava/util/Collection;" line-rate="1.0" branch-rate="1.0">
							<lines>
								<line number="426" hits="1" branch="false"/>
							</lines>
						</method>
						<method name="selectDistinct" signature="(Ljava/lang/Object;)Ljava/util/Collection;" line-rate="1.0" branch-rate="1.0">
							<lines>
								<line number="436" hits="1" branch="false"/>
							</lines>
						</method>
						<method name="selectDistinct" signature="(Ljava/lang/Object;Ljava/lang/String;)Ljava/util/Collection;" line-rate="1.0" branch-rate="1.0">
							<lines>
								<line number="447" hits="1" branch="false"/>
							</lines>
						</method>
						<method name="selectDistinct" signature="(Ljava/lang/Object;Ljava/util/Comparator;)Ljava/util/Collection;" line-rate="1.0" branch-rate="1.0">
							<lines>
								<line number="470" hits="8" branch="true" condition-coverage="100% (2/2)">
									<conditions>
										<condition number="0" type="jump" coverage="100%"/>
									</conditions>
								</line>
								<line number="471" hits="8" branch="true" condition-coverage="100% (2/2)">
									<conditions>
										<condition number="0" type="jump" coverage="100%"/>
									</conditions>
								</line>
								<line number="472" hits="8" branch="false"/>
							</lines>
						</method>
						<method name="selectDistinctArgument" signature="(Ljava/lang/Object;Ljava/lang/Object;)Ljava/util/Collection;" line-rate="1.0" branch-rate="1.0">
							<lines>
								<line number="458" hits="4" branch="false"/>
							</lines>
						</method>
						<method name="selectFirst" signature="(Ljava/lang/Object;Lorg/hamcrest/Matcher;)Ljava/lang/Object;" line-rate="1.0" branch-rate="1.0">
							<lines>
								<line number="412" hits="13" branch="false"/>
								<line number="413" hits="31" branch="true" condition-coverage="100% (2/2)">
									<conditions>
										<condition number="0" type="jump" coverage="100%"/>
									</conditions>
								</line>
								<line number="414" hits="25" branch="false"/>
								<line number="415" hits="25" branch="true" condition-coverage="100% (2/2)">
									<conditions>
										<condition number="0" type="jump" coverage="100%"/>
									</conditions>
								</line>
								<line number="416" hits="18" branch="false"/>
								<line number="417" hits="6" branch="false"/>
							</lines>
						</method>
						<method name="selectIterator" signature="(Ljava/lang/Object;Lorg/hamcrest/Matcher;)Ljava/util/Iterator;" line-rate="1.0" branch-rate="1.0">
							<lines>
								<line number="371" hits="2" branch="false"/>
							</lines>
						</method>
						<method name="selectMax" signature="(Ljava/lang/Object;Ljava/lang/Object;)Ljava/lang/Object;" line-rate="1.0" branch-rate="1.0">
							<lines>
								<line number="496" hits="7" branch="false"/>
							</lines>
						</method>
						<method name="selectMin" signature="(Ljava/lang/Object;Ljava/lang/Object;)Ljava/lang/Object;" line-rate="1.0" branch-rate="1.0">
							<lines>
								<line number="484" hits="7" branch="false"/>
							</lines>
						</method>
						<method name="selectUnique" signature="(Ljava/lang/Object;Lorg/hamcrest/Matcher;)Ljava/lang/Object;" line-rate="1.0" branch-rate="1.0">
							<lines>
								<line number="384" hits="9" branch="false"/>
								<line number="385" hits="9" branch="true" condition-coverage="100% (2/2)">
									<conditions>
										<condition number="0" type="jump" coverage="100%"/>
									</conditions>
								</line>
								<line number="386" hits="6" branch="false"/>
								<line number="387" hits="6" branch="true" condition-coverage="100% (2/2)">
									<conditions>
										<condition number="0" type="jump" coverage="100%"/>
									</conditions>
								</line>
								<line number="388" hits="4" branch="false"/>
							</lines>
						</method>
						<method name="sort" signature="(Ljava/lang/Object;Ljava/lang/Object;)Ljava/util/List;" line-rate="1.0" branch-rate="1.0">
							<lines>
								<line number="236" hits="9" branch="false"/>
							</lines>
						</method>
						<method name="sort" signature="(Ljava/lang/Object;Ljava/lang/Object;I)Ljava/util/List;" line-rate="1.0" branch-rate="1.0">
							<lines>
								<line number="249" hits="13" branch="false"/>
							</lines>
						</method>
						<method name="sort" signature="(Ljava/lang/Object;Ljava/lang/Object;Ljava/util/Comparator;)Ljava/util/List;" line-rate="1.0" branch-rate="1.0">
							<lines>
								<line number="262" hits="14" branch="false"/>
								<line number="263" hits="14" branch="true" condition-coverage="100% (2/2)">
									<conditions>
										<condition number="0" type="jump" coverage="100%"/>
									</conditions>
								</line>
								<line number="264" hits="14" branch="false"/>
								<line number="265" hits="14" branch="false"/>
							</lines>
						</method>
						<method name="sum" signature="(Ljava/lang/Object;)Ljava/lang/Number;" line-rate="1.0" branch-rate="1.0">
							<lines>
								<line number="587" hits="8" branch="false"/>
							</lines>
						</method>
						<method name="sum" signature="(Ljava/lang/Object;Ljava/lang/Object;)Ljava/lang/Object;" line-rate="1.0" branch-rate="1.0">
							<lines>
								<line number="600" hits="19" branch="false"/>
							</lines>
						</method>
						<method name="sumFrom" signature="(Ljava/lang/Iterable;)Ljava/lang/Object;" line-rate="1.0" branch-rate="1.0">
							<lines>
								<line number="637" hits="7" branch="false"/>
							</lines>
						</method>
						<method name="sumFrom" signature="(Ljava/lang/Iterable;Ljava/lang/Class;)Ljava/lang/Object;" line-rate="1.0" branch-rate="1.0">
							<lines>
								<line number="658" hits="2" branch="false"/>
							</lines>
						</method>
						<method name="typedAvg" signature="(Ljava/lang/Object;Ljava/lang/Class;)Ljava/lang/Number;" line-rate="1.0" branch-rate="0.75">
							<lines>
								<line number="689" hits="7" branch="true" condition-coverage="50% (1/2)">
									<conditions>
										<condition number="0" type="jump" coverage="50%"/>
									</conditions>
								</line>
								<line number="690" hits="7" branch="false"/>
								<line number="691" hits="7" branch="true" condition-coverage="100% (2/2)">
									<conditions>
										<condition number="0" type="jump" coverage="100%"/>
									</conditions>
								</line>
							</lines>
						</method>
						<method name="typedSum" signature="(Ljava/lang/Object;Ljava/lang/Class;)Ljava/lang/Number;" line-rate="1.0" branch-rate="0.75">
							<lines>
								<line number="604" hits="27" branch="true" condition-coverage="50% (1/2)">
									<conditions>
										<condition number="0" type="jump" coverage="50%"/>
									</conditions>
								</line>
								<line number="605" hits="27" branch="false"/>
								<line number="606" hits="27" branch="true" condition-coverage="100% (2/2)">
									<conditions>
										<condition number="0" type="jump" coverage="100%"/>
									</conditions>
								</line>
							</lines>
						</method>
						<method name="typedZero" signature="(Ljava/lang/Class;)Ljava/lang/Number;" line-rate="1.0" branch-rate="0.8">
							<lines>
								<line number="610" hits="8" branch="true" condition-coverage="50% (1/2)">
									<conditions>
										<condition number="0" type="jump" coverage="50%"/>
									</conditions>
								</line>
								<line number="611" hits="8" branch="true" condition-coverage="100% (2/2)">
									<conditions>
										<condition number="0" type="jump" coverage="100%"/>
									</conditions>
								</line>
								<line number="612" hits="5" branch="true" condition-coverage="100% (2/2)">
									<conditions>
										<condition number="0" type="jump" coverage="100%"/>
									</conditions>
								</line>
								<line number="613" hits="4" branch="true" condition-coverage="50% (1/2)">
									<conditions>
										<condition number="0" type="jump" coverage="50%"/>
									</conditions>
								</line>
								<line number="614" hits="4" branch="true" condition-coverage="100% (2/2)">
									<conditions>
										<condition number="0" type="jump" coverage="100%"/>
									</conditions>
								</line>
								<line number="615" hits="2" branch="false"/>
							</lines>
						</method>
						<method name="var" signature="(Ljava/lang/Class;)Ljava/lang/Object;" line-rate="1.0" branch-rate="1.0">
							<lines>
								<line number="1288" hits="79" branch="false"/>
							</lines>
						</method>
					</methods>
					<lines>
						<line number="37" hits="0" branch="false"/>
						<line number="44" hits="2" branch="false"/>
						<line number="45" hits="2" branch="false"/>
						<line number="54" hits="0" branch="false"/>
						<line number="55" hits="0" branch="false"/>
						<line number="63" hits="103218" branch="false"/>
						<line number="72" hits="6" branch="false"/>
						<line number="90" hits="15" branch="false"/>
						<line number="91" hits="15" branch="true" condition-coverage="100% (2/2)">
							<conditions>
								<condition number="0" type="jump" coverage="100%"/>
							</conditions>
						</line>
						<line number="92" hits="2" branch="false"/>
						<line number="93" hits="13" branch="false"/>
						<line number="107" hits="7" branch="true" condition-coverage="100% (2/2)">
							<conditions>
								<condition number="0" type="jump" coverage="100%"/>
							</conditions>
						</line>
						<line number="108" hits="1" branch="false"/>
						<line number="109" hits="6" branch="false"/>
						<line number="110" hits="6" branch="false"/>
						<line number="129" hits="2" branch="false"/>
						<line number="144" hits="1" branch="false"/>
						<line number="155" hits="3" branch="false"/>
						<line number="167" hits="3" branch="false"/>
						<line number="182" hits="2" branch="false"/>
						<line number="194" hits="1" branch="false"/>
						<line number="195" hits="1" branch="false"/>
						<line number="196" hits="5" branch="true" condition-coverage="100% (2/2)">
							<conditions>
								<condition number="0" type="jump" coverage="100%"/>
							</conditions>
						</line>
						<line number="197" hits="1" branch="false"/>
						<line number="217" hits="3" branch="false"/>
						<line number="236" hits="9" branch="false"/>
						<line number="249" hits="13" branch="false"/>
						<line number="262" hits="14" branch="false"/>
						<line number="263" hits="14" branch="true" condition-coverage="100% (2/2)">
							<conditions>
								<condition number="0" type="jump" coverage="100%"/>
							</conditions>
						</line>
						<line number="264" hits="14" branch="false"/>
						<line number="265" hits="14" branch="false"/>
						<line number="276" hits="1" branch="false"/>
						<line number="277" hits="1" branch="true" condition-coverage="100% (2/2)">
							<conditions>
								<condition number="0" type="jump" coverage="100%"/>
							</conditions>
						</line>
						<line number="278" hits="6" branch="false"/>
						<line number="279" hits="6" branch="false"/>
						<line number="280" hits="6" branch="true" condition-coverage="100% (2/2)">
							<conditions>
								<condition number="0" type="jump" coverage="100%"/>
							</conditions>
						</line>
						<line number="281" hits="6" branch="false"/>
						<line number="282" hits="1" branch="false"/>
						<line number="294" hits="1" branch="false"/>
						<line number="308" hits="3003" branch="false"/>
						<line number="318" hits="2" branch="false"/>
						<line number="328" hits="103047" branch="false"/>
						<line number="329" hits="103047" branch="true" condition-coverage="100% (2/2)">
							<conditions>
								<condition number="0" type="jump" coverage="100%"/>
							</conditions>
						</line>
						<line number="330" hits="6003730" branch="true" condition-coverage="100% (2/2)">
							<conditions>
								<condition number="0" type="jump" coverage="100%"/>
							</conditions>
						</line>
						<line number="331" hits="5900684" branch="false"/>
						<line number="332" hits="5900684" branch="true" condition-coverage="100% (2/2)">
							<conditions>
								<condition number="0" type="jump" coverage="100%"/>
							</conditions>
						</line>
						<line number="333" hits="5900684" branch="false"/>
						<line number="334" hits="103046" branch="false"/>
						<line number="344" hits="103043" branch="true" condition-coverage="100% (2/2)">
							<conditions>
								<condition number="0" type="jump" coverage="100%"/>
							</conditions>
						</line>
						<line number="345" hits="103042" branch="false"/>
						<line number="357" hits="4" branch="false"/>
						<line number="371" hits="2" branch="false"/>
						<line number="384" hits="9" branch="false"/>
						<line number="385" hits="9" branch="true" condition-coverage="100% (2/2)">
							<conditions>
								<condition number="0" type="jump" coverage="100%"/>
							</conditions>
						</line>
						<line number="386" hits="6" branch="false"/>
						<line number="387" hits="6" branch="true" condition-coverage="100% (2/2)">
							<conditions>
								<condition number="0" type="jump" coverage="100%"/>
							</conditions>
						</line>
						<line number="388" hits="4" branch="false"/>
						<line number="400" hits="6" branch="true" condition-coverage="100% (2/2)">
							<conditions>
								<condition number="0" type="jump" coverage="100%"/>
							</conditions>
						</line>
						<line number="412" hits="13" branch="false"/>
						<line number="413" hits="31" branch="true" condition-coverage="100% (2/2)">
							<conditions>
								<condition number="0" type="jump" coverage="100%"/>
							</conditions>
						</line>
						<line number="414" hits="25" branch="false"/>
						<line number="415" hits="25" branch="true" condition-coverage="100% (2/2)">
							<conditions>
								<condition number="0" type="jump" coverage="100%"/>
							</conditions>
						</line>
						<line number="416" hits="18" branch="false"/>
						<line number="417" hits="6" branch="false"/>
						<line number="426" hits="1" branch="false"/>
						<line number="436" hits="1" branch="false"/>
						<line number="447" hits="1" branch="false"/>
						<line number="458" hits="4" branch="false"/>
						<line number="470" hits="8" branch="true" condition-coverage="100% (2/2)">
							<conditions>
								<condition number="0" type="jump" coverage="100%"/>
							</conditions>
						</line>
						<line number="471" hits="8" branch="true" condition-coverage="100% (2/2)">
							<conditions>
								<condition number="0" type="jump" coverage="100%"/>
							</conditions>
						</line>
						<line number="472" hits="8" branch="false"/>
						<line number="484" hits="7" branch="false"/>
						<line number="496" hits="7" branch="false"/>
						<line number="504" hits="23" branch="true" condition-coverage="100% (2/2)">
							<conditions>
								<condition number="0" type="jump" coverage="100%"/>
							</conditions>
						</line>
						<line number="505" hits="11" branch="true" condition-coverage="100% (2/2)">
							<conditions>
								<condition number="0" type="jump" coverage="100%"/>
							</conditions>
						</line>
						<line number="506" hits="8" branch="true" condition-coverage="100% (2/2)">
							<conditions>
								<condition number="0" type="jump" coverage="100%"/>
							</conditions>
						</line>
						<line number="507" hits="7" branch="false"/>
						<line number="510" hits="1" branch="false"/>
						<line number="511" hits="1" branch="false"/>
						<line number="512" hits="1" branch="false"/>
						<line number="513" hits="1" branch="false"/>
						<line number="525" hits="83" branch="false"/>
						<line number="540" hits="8" branch="false"/>
						<line number="556" hits="22" branch="false"/>
						<line number="573" hits="30" branch="false"/>
						<line number="587" hits="8" branch="false"/>
						<line number="600" hits="19" branch="false"/>
						<line number="604" hits="27" branch="true" condition-coverage="50% (1/2)">
							<conditions>
								<condition number="0" type="jump" coverage="50%"/>
							</conditions>
						</line>
						<line number="605" hits="27" branch="false"/>
						<line number="606" hits="27" branch="true" condition-coverage="100% (2/2)">
							<conditions>
								<condition number="0" type="jump" coverage="100%"/>
							</conditions>
						</line>
						<line number="610" hits="8" branch="true" condition-coverage="50% (1/2)">
							<conditions>
								<condition number="0" type="jump" coverage="50%"/>
							</conditions>
						</line>
						<line number="611" hits="8" branch="true" condition-coverage="100% (2/2)">
							<conditions>
								<condition number="0" type="jump" coverage="100%"/>
							</conditions>
						</line>
						<line number="612" hits="5" branch="true" condition-coverage="100% (2/2)">
							<conditions>
								<condition number="0" type="jump" coverage="100%"/>
							</conditions>
						</line>
						<line number="613" hits="4" branch="true" condition-coverage="50% (1/2)">
							<conditions>
								<condition number="0" type="jump" coverage="50%"/>
							</conditions>
						</line>
						<line number="614" hits="4" branch="true" condition-coverage="100% (2/2)">
							<conditions>
								<condition number="0" type="jump" coverage="100%"/>
							</conditions>
						</line>
						<line number="615" hits="2" branch="false"/>
						<line number="637" hits="7" branch="false"/>
						<line number="658" hits="2" branch="false"/>
						<line number="672" hits="1" branch="false"/>
						<line number="685" hits="6" branch="false"/>
						<line number="689" hits="7" branch="true" condition-coverage="50% (1/2)">
							<conditions>
								<condition number="0" type="jump" coverage="50%"/>
							</conditions>
						</line>
						<line number="690" hits="7" branch="false"/>
						<line number="691" hits="7" branch="true" condition-coverage="100% (2/2)">
							<conditions>
								<condition number="0" type="jump" coverage="100%"/>
							</conditions>
						</line>
						<line number="713" hits="3" branch="false"/>
						<line number="734" hits="3" branch="false"/>
						<line number="748" hits="3" branch="false"/>
						<line number="761" hits="4" branch="false"/>
						<line number="784" hits="2" branch="false"/>
						<line number="806" hits="1" branch="false"/>
						<line number="820" hits="3" branch="false"/>
						<line number="833" hits="3" branch="false"/>
						<line number="856" hits="4" branch="false"/>
						<line number="878" hits="1" branch="false"/>
						<line number="902" hits="4" branch="false"/>
						<line number="925" hits="2" branch="false"/>
						<line number="948" hits="1" branch="false"/>
						<line number="972" hits="1" branch="false"/>
						<line number="984" hits="21" branch="false"/>
						<line number="997" hits="30" branch="true" condition-coverage="100% (2/2)">
							<conditions>
								<condition number="0" type="jump" coverage="100%"/>
							</conditions>
						</line>
						<line number="999" hits="29" branch="false"/>
						<line number="1000" hits="11" branch="false"/>
						<line number="1016" hits="33" branch="false"/>
						<line number="1017" hits="33" branch="true" condition-coverage="100% (2/2)">
							<conditions>
								<condition number="0" type="jump" coverage="100%"/>
							</conditions>
						</line>
						<line number="1018" hits="31" branch="false"/>
						<line number="1030" hits="68" branch="false"/>
						<line number="1041" hits="4" branch="false"/>
						<line number="1042" hits="4" branch="true" condition-coverage="100% (2/2)">
							<conditions>
								<condition number="0" type="jump" coverage="100%"/>
							</conditions>
						</line>
						<line number="1043" hits="4" branch="false"/>
						<line number="1054" hits="2" branch="false"/>
						<line number="1066" hits="15" branch="false"/>
						<line number="1080" hits="2" branch="false"/>
						<line number="1091" hits="1" branch="false"/>
						<line number="1103" hits="1" branch="false"/>
						<line number="1115" hits="21" branch="false"/>
						<line number="1116" hits="21" branch="false"/>
						<line number="1117" hits="130" branch="true" condition-coverage="100% (2/2)">
							<conditions>
								<condition number="0" type="jump" coverage="100%"/>
							</conditions>
						</line>
						<line number="1118" hits="109" branch="false"/>
						<line number="1119" hits="109" branch="false"/>
						<line number="1120" hits="109" branch="false"/>
						<line number="1121" hits="21" branch="false"/>
						<line number="1133" hits="21" branch="false"/>
						<line number="1148" hits="9" branch="false"/>
						<line number="1160" hits="1" branch="false"/>
						<line number="1170" hits="1" branch="false"/>
						<line number="1180" hits="1" branch="false"/>
						<line number="1193" hits="12" branch="false"/>
						<line number="1204" hits="103041" branch="false"/>
						<line number="1217" hits="22" branch="false"/>
						<line number="1227" hits="9" branch="false"/>
						<line number="1237" hits="3" branch="false"/>
						<line number="1247" hits="16" branch="false"/>
						<line number="1260" hits="31" branch="false"/>
						<line number="1269" hits="3" branch="false"/>
						<line number="1279" hits="32" branch="false"/>
						<line number="1288" hits="79" branch="false"/>
						<line number="1296" hits="30" branch="false"/>
						<line number="1305" hits="13" branch="false"/>
						<line number="1315" hits="6" branch="false"/>
						<line number="1326" hits="2" branch="false"/>
						<line number="1338" hits="4" branch="false"/>
						<line number="1347" hits="2" branch="false"/>
					</lines>
				</class>
			</classes>
		</package>
		<package name="ch.lambdaj.collection" line-rate="0.9317269076305221" branch-rate="0.875" complexity="1.1341463414634145">
			<classes>
				<class name="ch.lambdaj.collection.AbstractLambdaCollection" filename="ch/lambdaj/collection/AbstractLambdaCollection.java" line-rate="0.9090909090909091" branch-rate="0.75" complexity="1.3333333333333333">
					<methods>
						<method name="&lt;init&gt;" signature="(Ljava/lang/Iterable;)V" line-rate="1.0" branch-rate="1.0">
							<lines>
								<line number="29" hits="152" branch="false"/>
								<line number="30" hits="152" branch="false"/>
								<line number="31" hits="152" branch="false"/>
								<line number="32" hits="152" branch="false"/>
							</lines>
						</method>
						<method name="&lt;init&gt;" signature="(Ljava/util/Iterator;)V" line-rate="1.0" branch-rate="1.0">
							<lines>
								<line number="24" hits="49" branch="false"/>
								<line number="25" hits="49" branch="false"/>
								<line number="26" hits="49" branch="false"/>
								<line number="27" hits="49" branch="false"/>
							</lines>
						</method>
						<method name="aggregate" signature="(Lch/lambdaj/function/aggregate/Aggregator;)Ljava/lang/Object;" line-rate="0.0" branch-rate="1.0">
							<lines>
								<line number="65" hits="0" branch="false"/>
							</lines>
						</method>
						<method name="aggregate" signature="(Ljava/lang/Object;Lch/lambdaj/function/aggregate/Aggregator;)Ljava/lang/Object;" line-rate="1.0" branch-rate="1.0">
							<lines>
								<line number="76" hits="1" branch="false"/>
							</lines>
						</method>
						<method name="all" signature="(Lorg/hamcrest/Matcher;)Z" line-rate="1.0" branch-rate="1.0">
							<lines>
								<line number="210" hits="2" branch="false"/>
								<line number="211" hits="7" branch="true" condition-coverage="100% (4/4)">
									<conditions>
										<condition number="0" type="jump" coverage="100%"/>
										<condition number="1" type="jump" coverage="100%"/>
									</conditions>
								</line>
								<line number="212" hits="1" branch="false"/>
							</lines>
						</method>
						<method name="equals" signature="(Ljava/lang/Object;)Z" line-rate="1.0" branch-rate="0.5">
							<lines>
								<line number="239" hits="4" branch="true" condition-coverage="50% (1/2)">
									<conditions>
										<condition number="0" type="jump" coverage="50%"/>
									</conditions>
								</line>
							</lines>
						</method>
						<method name="exists" signature="(Lorg/hamcrest/Matcher;)Z" line-rate="1.0" branch-rate="1.0">
							<lines>
								<line number="201" hits="2" branch="true" condition-coverage="100% (2/2)">
									<conditions>
										<condition number="0" type="jump" coverage="100%"/>
									</conditions>
								</line>
							</lines>
						</method>
						<method name="first" signature="(Lorg/hamcrest/Matcher;)Ljava/lang/Object;" line-rate="1.0" branch-rate="1.0">
							<lines>
								<line number="221" hits="4" branch="false"/>
							</lines>
						</method>
						<method name="forEach" signature="()Ljava/lang/Object;" line-rate="1.0" branch-rate="1.0">
							<lines>
								<line number="152" hits="4" branch="false"/>
							</lines>
						</method>
						<method name="forEach" signature="(Lorg/hamcrest/Matcher;)Ljava/lang/Object;" line-rate="1.0" branch-rate="1.0">
							<lines>
								<line number="164" hits="1" branch="false"/>
							</lines>
						</method>
						<method name="getInner" signature="()Ljava/lang/Object;" line-rate="1.0" branch-rate="1.0">
							<lines>
								<line number="52" hits="57" branch="true" condition-coverage="100% (2/2)">
									<conditions>
										<condition number="0" type="jump" coverage="100%"/>
									</conditions>
								</line>
							</lines>
						</method>
						<method name="getInnerIterator" signature="()Ljava/util/Iterator;" line-rate="1.0" branch-rate="0.5">
							<lines>
								<line number="56" hits="6" branch="true" condition-coverage="50% (1/2)">
									<conditions>
										<condition number="0" type="jump" coverage="50%"/>
									</conditions>
								</line>
							</lines>
						</method>
						<method name="hashCode" signature="()I" line-rate="1.0" branch-rate="1.0">
							<lines>
								<line number="247" hits="2" branch="false"/>
							</lines>
						</method>
						<method name="index" signature="(Ljava/lang/Object;)Lch/lambdaj/collection/LambdaMap;" line-rate="1.0" branch-rate="1.0">
							<lines>
								<line number="192" hits="9" branch="false"/>
							</lines>
						</method>
						<method name="join" signature="()Ljava/lang/String;" line-rate="1.0" branch-rate="1.0">
							<lines>
								<line number="130" hits="7" branch="false"/>
							</lines>
						</method>
						<method name="join" signature="(Ljava/lang/String;)Ljava/lang/String;" line-rate="1.0" branch-rate="1.0">
							<lines>
								<line number="141" hits="3" branch="false"/>
							</lines>
						</method>
						<method name="map" signature="(Lch/lambdaj/function/convert/Converter;)Lch/lambdaj/collection/LambdaMap;" line-rate="0.0" branch-rate="1.0">
							<lines>
								<line number="173" hits="0" branch="false"/>
							</lines>
						</method>
						<method name="map" signature="(Ljava/lang/Object;)Lch/lambdaj/collection/LambdaMap;" line-rate="1.0" branch-rate="1.0">
							<lines>
								<line number="183" hits="9" branch="false"/>
							</lines>
						</method>
						<method name="max" signature="(Ljava/lang/Object;)Ljava/lang/Object;" line-rate="1.0" branch-rate="1.0">
							<lines>
								<line number="94" hits="1" branch="false"/>
							</lines>
						</method>
						<method name="min" signature="(Ljava/lang/Object;)Ljava/lang/Object;" line-rate="0.0" branch-rate="1.0">
							<lines>
								<line number="85" hits="0" branch="false"/>
							</lines>
						</method>
						<method name="selectMax" signature="(Ljava/lang/Object;)Ljava/lang/Object;" line-rate="1.0" branch-rate="1.0">
							<lines>
								<line number="121" hits="3" branch="false"/>
							</lines>
						</method>
						<method name="selectMin" signature="(Ljava/lang/Object;)Ljava/lang/Object;" line-rate="1.0" branch-rate="1.0">
							<lines>
								<line number="112" hits="3" branch="false"/>
							</lines>
						</method>
						<method name="setInner" signature="(Ljava/lang/Iterable;)V" line-rate="0.8" branch-rate="0.5">
							<lines>
								<line number="35" hits="35" branch="true" condition-coverage="50% (2/4)">
									<conditions>
										<condition number="0" type="jump" coverage="50%"/>
										<condition number="1" type="jump" coverage="50%"/>
									</conditions>
								</line>
								<line number="36" hits="35" branch="false"/>
								<line number="38" hits="0" branch="false"/>
								<line number="39" hits="35" branch="false"/>
								<line number="40" hits="35" branch="false"/>
							</lines>
						</method>
						<method name="setInnerCollection" signature="(Ljava/util/Collection;)V" line-rate="1.0" branch-rate="1.0">
							<lines>
								<line number="44" hits="35" branch="false"/>
								<line number="45" hits="18" branch="false"/>
								<line number="46" hits="18" branch="false"/>
								<line number="47" hits="18" branch="false"/>
								<line number="48" hits="17" branch="false"/>
								<line number="49" hits="35" branch="false"/>
							</lines>
						</method>
						<method name="sum" signature="(Ljava/lang/Object;)Ljava/lang/Object;" line-rate="1.0" branch-rate="1.0">
							<lines>
								<line number="103" hits="2" branch="false"/>
							</lines>
						</method>
						<method name="toString" signature="()Ljava/lang/String;" line-rate="1.0" branch-rate="1.0">
							<lines>
								<line number="255" hits="1" branch="false"/>
							</lines>
						</method>
						<method name="unique" signature="(Lorg/hamcrest/Matcher;)Ljava/lang/Object;" line-rate="1.0" branch-rate="1.0">
							<lines>
								<line number="231" hits="3" branch="false"/>
							</lines>
						</method>
					</methods>
					<lines>
						<line number="24" hits="49" branch="false"/>
						<line number="25" hits="49" branch="false"/>
						<line number="26" hits="49" branch="false"/>
						<line number="27" hits="49" branch="false"/>
						<line number="29" hits="152" branch="false"/>
						<line number="30" hits="152" branch="false"/>
						<line number="31" hits="152" branch="false"/>
						<line number="32" hits="152" branch="false"/>
						<line number="35" hits="35" branch="true" condition-coverage="50% (2/4)">
							<conditions>
								<condition number="0" type="jump" coverage="50%"/>
								<condition number="1" type="jump" coverage="50%"/>
							</conditions>
						</line>
						<line number="36" hits="35" branch="false"/>
						<line number="38" hits="0" branch="false"/>
						<line number="39" hits="35" branch="false"/>
						<line number="40" hits="35" branch="false"/>
						<line number="44" hits="35" branch="false"/>
						<line number="45" hits="18" branch="false"/>
						<line number="46" hits="18" branch="false"/>
						<line number="47" hits="18" branch="false"/>
						<line number="48" hits="17" branch="false"/>
						<line number="49" hits="35" branch="false"/>
						<line number="52" hits="57" branch="true" condition-coverage="100% (2/2)">
							<conditions>
								<condition number="0" type="jump" coverage="100%"/>
							</conditions>
						</line>
						<line number="56" hits="6" branch="true" condition-coverage="50% (1/2)">
							<conditions>
								<condition number="0" type="jump" coverage="50%"/>
							</conditions>
						</line>
						<line number="65" hits="0" branch="false"/>
						<line number="76" hits="1" branch="false"/>
						<line number="85" hits="0" branch="false"/>
						<line number="94" hits="1" branch="false"/>
						<line number="103" hits="2" branch="false"/>
						<line number="112" hits="3" branch="false"/>
						<line number="121" hits="3" branch="false"/>
						<line number="130" hits="7" branch="false"/>
						<line number="141" hits="3" branch="false"/>
						<line number="152" hits="4" branch="false"/>
						<line number="164" hits="1" branch="false"/>
						<line number="173" hits="0" branch="false"/>
						<line number="183" hits="9" branch="false"/>
						<line number="192" hits="9" branch="false"/>
						<line number="201" hits="2" branch="true" condition-coverage="100% (2/2)">
							<conditions>
								<condition number="0" type="jump" coverage="100%"/>
							</conditions>
						</line>
						<line number="210" hits="2" branch="false"/>
						<line number="211" hits="7" branch="true" condition-coverage="100% (4/4)">
							<conditions>
								<condition number="0" type="jump" coverage="100%"/>
								<condition number="1" type="jump" coverage="100%"/>
							</conditions>
						</line>
						<line number="212" hits="1" branch="false"/>
						<line number="221" hits="4" branch="false"/>
						<line number="231" hits="3" branch="false"/>
						<line number="239" hits="4" branch="true" condition-coverage="50% (1/2)">
							<conditions>
								<condition number="0" type="jump" coverage="50%"/>
							</conditions>
						</line>
						<line number="247" hits="2" branch="false"/>
						<line number="255" hits="1" branch="false"/>
					</lines>
				</class>
				<class name="ch.lambdaj.collection.LambdaCollection" filename="ch/lambdaj/collection/LambdaCollection.java" line-rate="0.9230769230769231" branch-rate="1.0" complexity="1.0384615384615385">
					<methods>
						<method name="&lt;init&gt;" signature="(Ljava/util/Collection;)V" line-rate="1.0" branch-rate="1.0">
							<lines>
								<line number="23" hits="137" branch="false"/>
								<line number="24" hits="137" branch="false"/>
							</lines>
						</method>
						<method name="add" signature="(Ljava/lang/Object;)Z" line-rate="1.0" branch-rate="1.0">
							<lines>
								<line number="138" hits="3" branch="false"/>
							</lines>
						</method>
						<method name="addAll" signature="(Ljava/util/Collection;)Z" line-rate="1.0" branch-rate="1.0">
							<lines>
								<line number="145" hits="5" branch="false"/>
							</lines>
						</method>
						<method name="append" signature="([Ljava/lang/Object;)Lch/lambdaj/collection/LambdaCollection;" line-rate="1.0" branch-rate="1.0">
							<lines>
								<line number="114" hits="1" branch="false"/>
								<line number="115" hits="1" branch="false"/>
							</lines>
						</method>
						<method name="clear" signature="()V" line-rate="1.0" branch-rate="1.0">
							<lines>
								<line number="152" hits="4" branch="false"/>
								<line number="153" hits="4" branch="false"/>
							</lines>
						</method>
						<method name="clone" signature="()Lch/lambdaj/collection/LambdaCollection;" line-rate="1.0" branch-rate="1.0">
							<lines>
								<line number="223" hits="1" branch="false"/>
							</lines>
						</method>
						<method name="clone" signature="()Lch/lambdaj/collection/LambdaIterable;" line-rate="1.0" branch-rate="1.0">
							<lines>
							</lines>
						</method>
						<method name="clone" signature="()Ljava/lang/Object;" line-rate="0.0" branch-rate="1.0">
							<lines>
								<line number="20" hits="0" branch="false"/>
							</lines>
						</method>
						<method name="contains" signature="(Ljava/lang/Object;)Z" line-rate="1.0" branch-rate="1.0">
							<lines>
								<line number="159" hits="20" branch="false"/>
							</lines>
						</method>
						<method name="containsAll" signature="(Ljava/util/Collection;)Z" line-rate="1.0" branch-rate="1.0">
							<lines>
								<line number="166" hits="2" branch="false"/>
							</lines>
						</method>
						<method name="convert" signature="(Lch/lambdaj/function/convert/Converter;)Lch/lambdaj/collection/LambdaCollection;" line-rate="1.0" branch-rate="1.0">
							<lines>
								<line number="71" hits="1" branch="false"/>
							</lines>
						</method>
						<method name="convert" signature="(Lch/lambdaj/function/convert/Converter;)Lch/lambdaj/collection/LambdaIterable;" line-rate="1.0" branch-rate="1.0">
							<lines>
							</lines>
						</method>
						<method name="distinct" signature="(Ljava/lang/Object;)Lch/lambdaj/collection/LambdaCollection;" line-rate="1.0" branch-rate="1.0">
							<lines>
								<line number="96" hits="1" branch="false"/>
								<line number="97" hits="1" branch="false"/>
							</lines>
						</method>
						<method name="distinct" signature="(Ljava/lang/Object;)Lch/lambdaj/collection/LambdaIterable;" line-rate="1.0" branch-rate="1.0">
							<lines>
							</lines>
						</method>
						<method name="extract" signature="(Ljava/lang/Object;)Lch/lambdaj/collection/LambdaCollection;" line-rate="1.0" branch-rate="1.0">
							<lines>
								<line number="79" hits="3" branch="false"/>
							</lines>
						</method>
						<method name="extract" signature="(Ljava/lang/Object;)Lch/lambdaj/collection/LambdaIterable;" line-rate="1.0" branch-rate="1.0">
							<lines>
							</lines>
						</method>
						<method name="innerCollection" signature="()Ljava/util/Collection;" line-rate="1.0" branch-rate="1.0">
							<lines>
								<line number="27" hits="205" branch="false"/>
							</lines>
						</method>
						<method name="isEmpty" signature="()Z" line-rate="1.0" branch-rate="1.0">
							<lines>
								<line number="173" hits="4" branch="false"/>
							</lines>
						</method>
						<method name="project" signature="(Ljava/lang/Class;[Ljava/lang/Object;)Lch/lambdaj/collection/LambdaCollection;" line-rate="1.0" branch-rate="1.0">
							<lines>
								<line number="105" hits="1" branch="false"/>
							</lines>
						</method>
						<method name="project" signature="(Ljava/lang/Class;[Ljava/lang/Object;)Lch/lambdaj/collection/LambdaIterable;" line-rate="1.0" branch-rate="1.0">
							<lines>
							</lines>
						</method>
						<method name="remove" signature="(Ljava/lang/Object;)Z" line-rate="1.0" branch-rate="1.0">
							<lines>
								<line number="180" hits="4" branch="false"/>
							</lines>
						</method>
						<method name="remove" signature="(Lorg/hamcrest/Matcher;)Lch/lambdaj/collection/LambdaCollection;" line-rate="1.0" branch-rate="1.0">
							<lines>
								<line number="44" hits="1" branch="false"/>
								<line number="45" hits="1" branch="false"/>
							</lines>
						</method>
						<method name="remove" signature="(Lorg/hamcrest/Matcher;)Lch/lambdaj/collection/LambdaIterable;" line-rate="1.0" branch-rate="1.0">
							<lines>
							</lines>
						</method>
						<method name="removeAll" signature="(Ljava/util/Collection;)Z" line-rate="1.0" branch-rate="1.0">
							<lines>
								<line number="187" hits="2" branch="false"/>
							</lines>
						</method>
						<method name="replace" signature="(Lorg/hamcrest/Matcher;Ljava/lang/Object;)Lch/lambdaj/collection/LambdaCollection;" line-rate="1.0" branch-rate="1.0">
							<lines>
								<line number="87" hits="1" branch="false"/>
								<line number="88" hits="1" branch="false"/>
							</lines>
						</method>
						<method name="replace" signature="(Lorg/hamcrest/Matcher;Ljava/lang/Object;)Lch/lambdaj/collection/LambdaIterable;" line-rate="1.0" branch-rate="1.0">
							<lines>
							</lines>
						</method>
						<method name="retain" signature="(Lorg/hamcrest/Matcher;)Lch/lambdaj/collection/LambdaCollection;" line-rate="1.0" branch-rate="1.0">
							<lines>
								<line number="35" hits="5" branch="false"/>
								<line number="36" hits="5" branch="false"/>
							</lines>
						</method>
						<method name="retain" signature="(Lorg/hamcrest/Matcher;)Lch/lambdaj/collection/LambdaIterable;" line-rate="1.0" branch-rate="1.0">
							<lines>
							</lines>
						</method>
						<method name="retainAll" signature="(Ljava/util/Collection;)Z" line-rate="1.0" branch-rate="1.0">
							<lines>
								<line number="194" hits="2" branch="false"/>
							</lines>
						</method>
						<method name="size" signature="()I" line-rate="1.0" branch-rate="1.0">
							<lines>
								<line number="201" hits="151" branch="false"/>
							</lines>
						</method>
						<method name="sort" signature="(Ljava/lang/Object;)Lch/lambdaj/collection/LambdaCollection;" line-rate="1.0" branch-rate="1.0">
							<lines>
								<line number="53" hits="1" branch="false"/>
								<line number="54" hits="1" branch="false"/>
							</lines>
						</method>
						<method name="sort" signature="(Ljava/lang/Object;)Lch/lambdaj/collection/LambdaIterable;" line-rate="1.0" branch-rate="1.0">
							<lines>
							</lines>
						</method>
						<method name="sort" signature="(Ljava/lang/Object;I)Lch/lambdaj/collection/LambdaCollection;" line-rate="0.0" branch-rate="1.0">
							<lines>
								<line number="62" hits="0" branch="false"/>
								<line number="63" hits="0" branch="false"/>
							</lines>
						</method>
						<method name="sort" signature="(Ljava/lang/Object;I)Lch/lambdaj/collection/LambdaIterable;" line-rate="1.0" branch-rate="1.0">
							<lines>
							</lines>
						</method>
						<method name="toArray" signature="()[Ljava/lang/Object;" line-rate="1.0" branch-rate="1.0">
							<lines>
								<line number="208" hits="4" branch="false"/>
							</lines>
						</method>
						<method name="toArray" signature="(Ljava/lang/Class;)[Ljava/lang/Object;" line-rate="1.0" branch-rate="1.0">
							<lines>
								<line number="124" hits="1" branch="false"/>
								<line number="125" hits="1" branch="false"/>
								<line number="126" hits="1" branch="true" condition-coverage="100% (2/2)">
									<conditions>
										<condition number="0" type="jump" coverage="100%"/>
									</conditions>
								</line>
								<line number="127" hits="1" branch="false"/>
							</lines>
						</method>
						<method name="toArray" signature="([Ljava/lang/Object;)[Ljava/lang/Object;" line-rate="1.0" branch-rate="1.0">
							<lines>
								<line number="215" hits="2" branch="false"/>
							</lines>
						</method>
					</methods>
					<lines>
						<line number="20" hits="0" branch="false"/>
						<line number="23" hits="137" branch="false"/>
						<line number="24" hits="137" branch="false"/>
						<line number="27" hits="205" branch="false"/>
						<line number="35" hits="5" branch="false"/>
						<line number="36" hits="5" branch="false"/>
						<line number="44" hits="1" branch="false"/>
						<line number="45" hits="1" branch="false"/>
						<line number="53" hits="1" branch="false"/>
						<line number="54" hits="1" branch="false"/>
						<line number="62" hits="0" branch="false"/>
						<line number="63" hits="0" branch="false"/>
						<line number="71" hits="1" branch="false"/>
						<line number="79" hits="3" branch="false"/>
						<line number="87" hits="1" branch="false"/>
						<line number="88" hits="1" branch="false"/>
						<line number="96" hits="1" branch="false"/>
						<line number="97" hits="1" branch="false"/>
						<line number="105" hits="1" branch="false"/>
						<line number="114" hits="1" branch="false"/>
						<line number="115" hits="1" branch="false"/>
						<line number="124" hits="1" branch="false"/>
						<line number="125" hits="1" branch="false"/>
						<line number="126" hits="1" branch="true" condition-coverage="100% (2/2)">
							<conditions>
								<condition number="0" type="jump" coverage="100%"/>
							</conditions>
						</line>
						<line number="127" hits="1" branch="false"/>
						<line number="138" hits="3" branch="false"/>
						<line number="145" hits="5" branch="false"/>
						<line number="152" hits="4" branch="false"/>
						<line number="153" hits="4" branch="false"/>
						<line number="159" hits="20" branch="false"/>
						<line number="166" hits="2" branch="false"/>
						<line number="173" hits="4" branch="false"/>
						<line number="180" hits="4" branch="false"/>
						<line number="187" hits="2" branch="false"/>
						<line number="194" hits="2" branch="false"/>
						<line number="201" hits="151" branch="false"/>
						<line number="208" hits="4" branch="false"/>
						<line number="215" hits="2" branch="false"/>
						<line number="223" hits="1" branch="false"/>
					</lines>
				</class>
				<class name="ch.lambdaj.collection.LambdaCollections" filename="ch/lambdaj/collection/LambdaCollections.java" line-rate="0.875" branch-rate="1.0" complexity="1.0">
					<methods>
						<method name="&lt;init&gt;" signature="()V" line-rate="0.0" branch-rate="1.0">
							<lines>
								<line number="17" hits="0" branch="false"/>
							</lines>
						</method>
						<method name="with" signature="(Ljava/lang/Iterable;)Lch/lambdaj/collection/LambdaIterable;" line-rate="1.0" branch-rate="1.0">
							<lines>
								<line number="61" hits="10" branch="false"/>
							</lines>
						</method>
						<method name="with" signature="(Ljava/util/Collection;)Lch/lambdaj/collection/LambdaCollection;" line-rate="1.0" branch-rate="1.0">
							<lines>
								<line number="52" hits="18" branch="false"/>
							</lines>
						</method>
						<method name="with" signature="(Ljava/util/Iterator;)Lch/lambdaj/collection/LambdaIterator;" line-rate="1.0" branch-rate="1.0">
							<lines>
								<line number="25" hits="7" branch="false"/>
							</lines>
						</method>
						<method name="with" signature="(Ljava/util/List;)Lch/lambdaj/collection/LambdaList;" line-rate="1.0" branch-rate="1.0">
							<lines>
								<line number="34" hits="47" branch="false"/>
							</lines>
						</method>
						<method name="with" signature="(Ljava/util/Map;)Lch/lambdaj/collection/LambdaMap;" line-rate="1.0" branch-rate="1.0">
							<lines>
								<line number="70" hits="1" branch="false"/>
							</lines>
						</method>
						<method name="with" signature="(Ljava/util/Set;)Lch/lambdaj/collection/LambdaSet;" line-rate="1.0" branch-rate="1.0">
							<lines>
								<line number="79" hits="1" branch="false"/>
							</lines>
						</method>
						<method name="with" signature="([Ljava/lang/Object;)Lch/lambdaj/collection/LambdaList;" line-rate="1.0" branch-rate="1.0">
							<lines>
								<line number="43" hits="44" branch="false"/>
							</lines>
						</method>
					</methods>
					<lines>
						<line number="17" hits="0" branch="false"/>
						<line number="25" hits="7" branch="false"/>
						<line number="34" hits="47" branch="false"/>
						<line number="43" hits="44" branch="false"/>
						<line number="52" hits="18" branch="false"/>
						<line number="61" hits="10" branch="false"/>
						<line number="70" hits="1" branch="false"/>
						<line number="79" hits="1" branch="false"/>
					</lines>
				</class>
				<class name="ch.lambdaj.collection.LambdaGroup" filename="ch/lambdaj/collection/LambdaGroup.java" line-rate="0.9411764705882353" branch-rate="1.0" complexity="1.0">
					<methods>
						<method name="&lt;init&gt;" signature="(Lch/lambdaj/group/Group;)V" line-rate="1.0" branch-rate="1.0">
							<lines>
								<line number="20" hits="12" branch="false"/>
								<line number="21" hits="12" branch="false"/>
								<line number="22" hits="12" branch="false"/>
							</lines>
						</method>
						<method name="find" signature="(Ljava/lang/Object;)Lch/lambdaj/collection/LambdaList;" line-rate="1.0" branch-rate="1.0">
							<lines>
								<line number="84" hits="1" branch="false"/>
							</lines>
						</method>
						<method name="find" signature="(Ljava/lang/Object;)Ljava/util/List;" line-rate="1.0" branch-rate="1.0">
							<lines>
							</lines>
						</method>
						<method name="find" signature="(Ljava/lang/String;)Lch/lambdaj/collection/LambdaList;" line-rate="0.0" branch-rate="1.0">
							<lines>
								<line number="74" hits="0" branch="false"/>
							</lines>
						</method>
						<method name="find" signature="(Ljava/lang/String;)Ljava/util/List;" line-rate="1.0" branch-rate="1.0">
							<lines>
							</lines>
						</method>
						<method name="findAll" signature="()Lch/lambdaj/collection/LambdaList;" line-rate="1.0" branch-rate="1.0">
							<lines>
								<line number="91" hits="7" branch="false"/>
							</lines>
						</method>
						<method name="findAll" signature="()Ljava/util/List;" line-rate="1.0" branch-rate="1.0">
							<lines>
							</lines>
						</method>
						<method name="findGroup" signature="(Ljava/lang/Object;)Lch/lambdaj/collection/LambdaGroup;" line-rate="1.0" branch-rate="1.0">
							<lines>
								<line number="55" hits="3" branch="false"/>
							</lines>
						</method>
						<method name="findGroup" signature="(Ljava/lang/Object;)Lch/lambdaj/group/Group;" line-rate="1.0" branch-rate="1.0">
							<lines>
							</lines>
						</method>
						<method name="findGroup" signature="(Ljava/lang/String;)Lch/lambdaj/collection/LambdaGroup;" line-rate="1.0" branch-rate="1.0">
							<lines>
								<line number="45" hits="2" branch="false"/>
							</lines>
						</method>
						<method name="findGroup" signature="(Ljava/lang/String;)Lch/lambdaj/group/Group;" line-rate="1.0" branch-rate="1.0">
							<lines>
								<line number="16" hits="4" branch="false"/>
							</lines>
						</method>
						<method name="first" signature="()Ljava/lang/Object;" line-rate="1.0" branch-rate="1.0">
							<lines>
								<line number="98" hits="1" branch="false"/>
							</lines>
						</method>
						<method name="getHeadValue" signature="(Ljava/lang/String;)Ljava/lang/String;" line-rate="1.0" branch-rate="1.0">
							<lines>
								<line number="128" hits="3" branch="false"/>
							</lines>
						</method>
						<method name="getHeads" signature="()Ljava/util/Set;" line-rate="1.0" branch-rate="1.0">
							<lines>
								<line number="119" hits="4" branch="false"/>
							</lines>
						</method>
						<method name="getSize" signature="()I" line-rate="1.0" branch-rate="1.0">
							<lines>
								<line number="105" hits="3" branch="false"/>
							</lines>
						</method>
						<method name="isLeaf" signature="()Z" line-rate="1.0" branch-rate="1.0">
							<lines>
								<line number="112" hits="4" branch="false"/>
							</lines>
						</method>
						<method name="key" signature="()Ljava/lang/Object;" line-rate="1.0" branch-rate="1.0">
							<lines>
								<line number="28" hits="1" branch="false"/>
							</lines>
						</method>
						<method name="keySet" signature="()Ljava/util/Set;" line-rate="1.0" branch-rate="1.0">
							<lines>
								<line number="35" hits="2" branch="false"/>
							</lines>
						</method>
						<method name="subgroups" signature="()Lch/lambdaj/collection/LambdaList;" line-rate="1.0" branch-rate="1.0">
							<lines>
								<line number="64" hits="6" branch="false"/>
							</lines>
						</method>
						<method name="subgroups" signature="()Ljava/util/List;" line-rate="1.0" branch-rate="1.0">
							<lines>
							</lines>
						</method>
					</methods>
					<lines>
						<line number="16" hits="4" branch="false"/>
						<line number="20" hits="12" branch="false"/>
						<line number="21" hits="12" branch="false"/>
						<line number="22" hits="12" branch="false"/>
						<line number="28" hits="1" branch="false"/>
						<line number="35" hits="2" branch="false"/>
						<line number="45" hits="2" branch="false"/>
						<line number="55" hits="3" branch="false"/>
						<line number="64" hits="6" branch="false"/>
						<line number="74" hits="0" branch="false"/>
						<line number="84" hits="1" branch="false"/>
						<line number="91" hits="7" branch="false"/>
						<line number="98" hits="1" branch="false"/>
						<line number="105" hits="3" branch="false"/>
						<line number="112" hits="4" branch="false"/>
						<line number="119" hits="4" branch="false"/>
						<line number="128" hits="3" branch="false"/>
					</lines>
				</class>
				<class name="ch.lambdaj.collection.LambdaIterable" filename="ch/lambdaj/collection/LambdaIterable.java" line-rate="0.96" branch-rate="1.0" complexity="1.206896551724138">
					<methods>
						<method name="&lt;init&gt;" signature="(Ljava/lang/Iterable;)V" line-rate="1.0" branch-rate="1.0">
							<lines>
								<line number="27" hits="152" branch="false"/>
								<line number="28" hits="152" branch="false"/>
							</lines>
						</method>
						<method name="aggregate" signature="(Lch/lambdaj/function/aggregate/Aggregator;)Ljava/lang/Object;" line-rate="1.0" branch-rate="1.0">
							<lines>
							</lines>
						</method>
						<method name="aggregate" signature="(Ljava/lang/Object;Lch/lambdaj/function/aggregate/Aggregator;)Ljava/lang/Object;" line-rate="1.0" branch-rate="1.0">
							<lines>
							</lines>
						</method>
						<method name="all" signature="(Lorg/hamcrest/Matcher;)Z" line-rate="1.0" branch-rate="1.0">
							<lines>
							</lines>
						</method>
						<method name="clone" signature="()Lch/lambdaj/collection/LambdaIterable;" line-rate="1.0" branch-rate="1.0">
							<lines>
								<line number="245" hits="1" branch="false"/>
							</lines>
						</method>
						<method name="clone" signature="()Ljava/lang/Object;" line-rate="1.0" branch-rate="1.0">
							<lines>
							</lines>
						</method>
						<method name="convert" signature="(Lch/lambdaj/function/convert/Converter;)Lch/lambdaj/collection/LambdaIterable;" line-rate="1.0" branch-rate="1.0">
							<lines>
								<line number="153" hits="1" branch="false"/>
							</lines>
						</method>
						<method name="distinct" signature="()Lch/lambdaj/collection/LambdaSet;" line-rate="1.0" branch-rate="1.0">
							<lines>
								<line number="195" hits="1" branch="false"/>
								<line number="196" hits="1" branch="true" condition-coverage="100% (2/2)">
									<conditions>
										<condition number="0" type="jump" coverage="100%"/>
									</conditions>
								</line>
								<line number="197" hits="1" branch="false"/>
							</lines>
						</method>
						<method name="distinct" signature="(Ljava/lang/Object;)Lch/lambdaj/collection/LambdaIterable;" line-rate="1.0" branch-rate="1.0">
							<lines>
								<line number="206" hits="1" branch="false"/>
								<line number="207" hits="1" branch="false"/>
							</lines>
						</method>
						<method name="doConvert" signature="(Lch/lambdaj/function/convert/Converter;)Ljava/util/List;" line-rate="1.0" branch-rate="1.0">
							<lines>
								<line number="157" hits="3" branch="false"/>
							</lines>
						</method>
						<method name="doDistinct" signature="(Ljava/lang/Object;)V" line-rate="1.0" branch-rate="1.0">
							<lines>
								<line number="211" hits="3" branch="false"/>
								<line number="212" hits="3" branch="false"/>
							</lines>
						</method>
						<method name="doExtract" signature="(Ljava/lang/Object;)Ljava/util/List;" line-rate="1.0" branch-rate="1.0">
							<lines>
								<line number="170" hits="10" branch="false"/>
							</lines>
						</method>
						<method name="doProject" signature="(Ljava/lang/Class;[Ljava/lang/Object;)Ljava/util/List;" line-rate="1.0" branch-rate="1.0">
							<lines>
								<line number="227" hits="3" branch="false"/>
							</lines>
						</method>
						<method name="doRemove" signature="(Lorg/hamcrest/Matcher;)V" line-rate="1.0" branch-rate="1.0">
							<lines>
								<line number="115" hits="4" branch="false"/>
								<line number="116" hits="4" branch="false"/>
							</lines>
						</method>
						<method name="doReplace" signature="(Lorg/hamcrest/Matcher;Ljava/lang/Object;)V" line-rate="1.0" branch-rate="1.0">
							<lines>
								<line number="185" hits="3" branch="false"/>
								<line number="186" hits="3" branch="true" condition-coverage="100% (4/4)">
									<conditions>
										<condition number="0" type="jump" coverage="100%"/>
										<condition number="1" type="jump" coverage="100%"/>
									</conditions>
								</line>
								<line number="187" hits="3" branch="false"/>
								<line number="188" hits="3" branch="false"/>
							</lines>
						</method>
						<method name="doRetain" signature="(Lorg/hamcrest/Matcher;)V" line-rate="1.0" branch-rate="1.0">
							<lines>
								<line number="101" hits="20" branch="false"/>
								<line number="102" hits="20" branch="false"/>
							</lines>
						</method>
						<method name="doSort" signature="(Ljava/lang/Object;)V" line-rate="1.0" branch-rate="1.0">
							<lines>
								<line number="129" hits="4" branch="false"/>
								<line number="130" hits="4" branch="false"/>
							</lines>
						</method>
						<method name="doSort" signature="(Ljava/lang/Object;I)V" line-rate="1.0" branch-rate="1.0">
							<lines>
								<line number="144" hits="1" branch="false"/>
								<line number="145" hits="1" branch="false"/>
							</lines>
						</method>
						<method name="exists" signature="(Lorg/hamcrest/Matcher;)Z" line-rate="1.0" branch-rate="1.0">
							<lines>
							</lines>
						</method>
						<method name="extract" signature="(Ljava/lang/Object;)Lch/lambdaj/collection/LambdaIterable;" line-rate="1.0" branch-rate="1.0">
							<lines>
[...]
									<conditions>
										<condition number="0" type="jump" coverage="100%"/>
									</conditions>
								</line>
								<line number="52" hits="37" branch="true" condition-coverage="100% (2/2)">
									<conditions>
										<condition number="0" type="jump" coverage="100%"/>
									</conditions>
								</line>
								<line number="53" hits="22" branch="true" condition-coverage="100% (2/2)">
									<conditions>
										<condition number="0" type="jump" coverage="100%"/>
									</conditions>
								</line>
								<line number="54" hits="21" branch="false"/>
							</lines>
						</method>
						<method name="asResettableIterator" signature="(Ljava/lang/Object;)Lch/lambdaj/util/iterator/ResettableIterator;" line-rate="1.0" branch-rate="0.9">
							<lines>
								<line number="68" hits="59" branch="true" condition-coverage="100% (2/2)">
									<conditions>
										<condition number="0" type="jump" coverage="100%"/>
									</conditions>
								</line>
								<line number="69" hits="58" branch="true" condition-coverage="100% (2/2)">
									<conditions>
										<condition number="0" type="jump" coverage="100%"/>
									</conditions>
								</line>
								<line number="70" hits="12" branch="true" condition-coverage="100% (2/2)">
									<conditions>
										<condition number="0" type="jump" coverage="100%"/>
									</conditions>
								</line>
								<line number="71" hits="4" branch="true" condition-coverage="100% (2/2)">
									<conditions>
										<condition number="0" type="jump" coverage="100%"/>
									</conditions>
								</line>
								<line number="72" hits="1" branch="true" condition-coverage="50% (1/2)">
									<conditions>
										<condition number="0" type="jump" coverage="50%"/>
									</conditions>
								</line>
								<line number="73" hits="1" branch="false"/>
							</lines>
						</method>
						<method name="discoverGenericType" signature="(Ljava/lang/Iterable;)Ljava/lang/Class;" line-rate="1.0" branch-rate="1.0">
							<lines>
								<line number="23" hits="22" branch="false"/>
							</lines>
						</method>
						<method name="discoverGenericType" signature="(Ljava/util/Iterator;)Ljava/lang/Class;" line-rate="1.0" branch-rate="0.75">
							<lines>
								<line number="32" hits="21" branch="true" condition-coverage="100% (2/2)">
									<conditions>
										<condition number="0" type="jump" coverage="100%"/>
									</conditions>
								</line>
								<line number="33" hits="1" branch="false"/>
								<line number="34" hits="20" branch="false"/>
								<line number="35" hits="20" branch="true" condition-coverage="50% (1/2)">
									<conditions>
										<condition number="0" type="jump" coverage="50%"/>
									</conditions>
								</line>
							</lines>
						</method>
						<method name="flattenIterator" signature="(Ljava/lang/Object;)Ljava/util/List;" line-rate="1.0" branch-rate="1.0">
							<lines>
								<line number="84" hits="14" branch="false"/>
								<line number="86" hits="14" branch="false"/>
								<line number="87" hits="8" branch="false"/>
								<line number="88" hits="8" branch="false"/>
								<line number="89" hits="6" branch="false"/>
								<line number="90" hits="14" branch="false"/>
							</lines>
						</method>
						<method name="flattenIterator" signature="(Ljava/util/Iterator;)Ljava/util/List;" line-rate="1.0" branch-rate="1.0">
							<lines>
								<line number="94" hits="6" branch="false"/>
								<line number="95" hits="18" branch="true" condition-coverage="100% (2/2)">
									<conditions>
										<condition number="0" type="jump" coverage="100%"/>
									</conditions>
								</line>
								<line number="96" hits="6" branch="false"/>
							</lines>
						</method>
					</methods>
					<lines>
						<line number="15" hits="0" branch="false"/>
						<line number="23" hits="22" branch="false"/>
						<line number="32" hits="21" branch="true" condition-coverage="100% (2/2)">
							<conditions>
								<condition number="0" type="jump" coverage="100%"/>
							</conditions>
						</line>
						<line number="33" hits="1" branch="false"/>
						<line number="34" hits="20" branch="false"/>
						<line number="35" hits="20" branch="true" condition-coverage="50% (1/2)">
							<conditions>
								<condition number="0" type="jump" coverage="50%"/>
							</conditions>
						</line>
						<line number="49" hits="273" branch="true" condition-coverage="50% (1/2)">
							<conditions>
								<condition number="0" type="jump" coverage="50%"/>
							</conditions>
						</line>
						<line number="50" hits="273" branch="true" condition-coverage="100% (2/2)">
							<conditions>
								<condition number="0" type="jump" coverage="100%"/>
							</conditions>
						</line>
						<line number="51" hits="109" branch="true" condition-coverage="100% (2/2)">
							<conditions>
								<condition number="0" type="jump" coverage="100%"/>
							</conditions>
						</line>
						<line number="52" hits="37" branch="true" condition-coverage="100% (2/2)">
							<conditions>
								<condition number="0" type="jump" coverage="100%"/>
							</conditions>
						</line>
						<line number="53" hits="22" branch="true" condition-coverage="100% (2/2)">
							<conditions>
								<condition number="0" type="jump" coverage="100%"/>
							</conditions>
						</line>
						<line number="54" hits="21" branch="false"/>
						<line number="68" hits="59" branch="true" condition-coverage="100% (2/2)">
							<conditions>
								<condition number="0" type="jump" coverage="100%"/>
							</conditions>
						</line>
						<line number="69" hits="58" branch="true" condition-coverage="100% (2/2)">
							<conditions>
								<condition number="0" type="jump" coverage="100%"/>
							</conditions>
						</line>
						<line number="70" hits="12" branch="true" condition-coverage="100% (2/2)">
							<conditions>
								<condition number="0" type="jump" coverage="100%"/>
							</conditions>
						</line>
						<line number="71" hits="4" branch="true" condition-coverage="100% (2/2)">
							<conditions>
								<condition number="0" type="jump" coverage="100%"/>
							</conditions>
						</line>
						<line number="72" hits="1" branch="true" condition-coverage="50% (1/2)">
							<conditions>
								<condition number="0" type="jump" coverage="50%"/>
							</conditions>
						</line>
						<line number="73" hits="1" branch="false"/>
						<line number="84" hits="14" branch="false"/>
						<line number="86" hits="14" branch="false"/>
						<line number="87" hits="8" branch="false"/>
						<line number="88" hits="8" branch="false"/>
						<line number="89" hits="6" branch="false"/>
						<line number="90" hits="14" branch="false"/>
						<line number="94" hits="6" branch="false"/>
						<line number="95" hits="18" branch="true" condition-coverage="100% (2/2)">
							<conditions>
								<condition number="0" type="jump" coverage="100%"/>
							</conditions>
						</line>
						<line number="96" hits="6" branch="false"/>
					</lines>
				</class>
				<class name="ch.lambdaj.util.iterator.MatchingIterator" filename="ch/lambdaj/util/iterator/MatchingIterator.java" line-rate="1.0" branch-rate="0.9166666666666666" complexity="2.4">
					<methods>
						<method name="&lt;init&gt;" signature="(Ljava/util/Iterator;Lorg/hamcrest/Matcher;)V" line-rate="1.0" branch-rate="1.0">
							<lines>
								<line number="22" hits="11" branch="false"/>
								<line number="29" hits="11" branch="false"/>
								<line number="30" hits="11" branch="false"/>
								<line number="31" hits="11" branch="false"/>
								<line number="32" hits="11" branch="false"/>
							</lines>
						</method>
						<method name="hasNext" signature="()Z" line-rate="1.0" branch-rate="1.0">
							<lines>
								<line number="47" hits="27" branch="true" condition-coverage="100% (2/2)">
									<conditions>
										<condition number="0" type="jump" coverage="100%"/>
									</conditions>
								</line>
								<line number="48" hits="27" branch="true" condition-coverage="100% (2/2)">
									<conditions>
										<condition number="0" type="jump" coverage="100%"/>
									</conditions>
								</line>
							</lines>
						</method>
						<method name="next" signature="()Ljava/lang/Object;" line-rate="1.0" branch-rate="0.5">
							<lines>
								<line number="55" hits="10" branch="true" condition-coverage="50% (1/2)">
									<conditions>
										<condition number="0" type="jump" coverage="50%"/>
									</conditions>
								</line>
								<line number="56" hits="10" branch="false"/>
								<line number="57" hits="10" branch="false"/>
								<line number="58" hits="10" branch="false"/>
							</lines>
						</method>
						<method name="remove" signature="()V" line-rate="1.0" branch-rate="1.0">
							<lines>
								<line number="65" hits="1" branch="false"/>
							</lines>
						</method>
						<method name="searchNext" signature="()V" line-rate="1.0" branch-rate="1.0">
							<lines>
								<line number="35" hits="21" branch="false"/>
								<line number="36" hits="66" branch="true" condition-coverage="100% (4/4)">
									<conditions>
										<condition number="0" type="jump" coverage="100%"/>
										<condition number="1" type="jump" coverage="100%"/>
									</conditions>
								</line>
								<line number="37" hits="45" branch="false"/>
								<line number="38" hits="45" branch="true" condition-coverage="100% (2/2)">
									<conditions>
										<condition number="0" type="jump" coverage="100%"/>
									</conditions>
								</line>
								<line number="39" hits="45" branch="false"/>
								<line number="40" hits="21" branch="false"/>
								<line number="41" hits="21" branch="false"/>
							</lines>
						</method>
					</methods>
					<lines>
						<line number="22" hits="11" branch="false"/>
						<line number="29" hits="11" branch="false"/>
						<line number="30" hits="11" branch="false"/>
						<line number="31" hits="11" branch="false"/>
						<line number="32" hits="11" branch="false"/>
						<line number="35" hits="21" branch="false"/>
						<line number="36" hits="66" branch="true" condition-coverage="100% (4/4)">
							<conditions>
								<condition number="0" type="jump" coverage="100%"/>
								<condition number="1" type="jump" coverage="100%"/>
							</conditions>
						</line>
						<line number="37" hits="45" branch="false"/>
						<line number="38" hits="45" branch="true" condition-coverage="100% (2/2)">
							<conditions>
								<condition number="0" type="jump" coverage="100%"/>
							</conditions>
						</line>
						<line number="39" hits="45" branch="false"/>
						<line number="40" hits="21" branch="false"/>
						<line number="41" hits="21" branch="false"/>
						<line number="47" hits="27" branch="true" condition-coverage="100% (2/2)">
							<conditions>
								<condition number="0" type="jump" coverage="100%"/>
							</conditions>
						</line>
						<line number="48" hits="27" branch="true" condition-coverage="100% (2/2)">
							<conditions>
								<condition number="0" type="jump" coverage="100%"/>
							</conditions>
						</line>
						<line number="55" hits="10" branch="true" condition-coverage="50% (1/2)">
							<conditions>
								<condition number="0" type="jump" coverage="50%"/>
							</conditions>
						</line>
						<line number="56" hits="10" branch="false"/>
						<line number="57" hits="10" branch="false"/>
						<line number="58" hits="10" branch="false"/>
						<line number="65" hits="1" branch="false"/>
					</lines>
				</class>
				<class name="ch.lambdaj.util.iterator.ResettableIterator" filename="ch/lambdaj/util/iterator/ResettableIterator.java" line-rate="1.0" branch-rate="1.0" complexity="1.5">
					<methods>
						<method name="&lt;init&gt;" signature="()V" line-rate="1.0" branch-rate="1.0">
							<lines>
								<line number="13" hits="120" branch="false"/>
							</lines>
						</method>
						<method name="remove" signature="()V" line-rate="1.0" branch-rate="1.0">
							<lines>
								<line number="24" hits="1" branch="false"/>
							</lines>
						</method>
					</methods>
					<lines>
						<line number="13" hits="120" branch="false"/>
						<line number="24" hits="1" branch="false"/>
					</lines>
				</class>
				<class name="ch.lambdaj.util.iterator.ResettableIteratorOnArray" filename="ch/lambdaj/util/iterator/ResettableIteratorOnArray.java" line-rate="1.0" branch-rate="0.75" complexity="1.5">
					<methods>
						<method name="&lt;init&gt;" signature="([Ljava/lang/Object;)V" line-rate="1.0" branch-rate="1.0">
							<lines>
								<line number="16" hits="18" branch="false"/>
								<line number="22" hits="18" branch="false"/>
								<line number="23" hits="18" branch="false"/>
								<line number="24" hits="18" branch="false"/>
							</lines>
						</method>
						<method name="hasNext" signature="()Z" line-rate="1.0" branch-rate="1.0">
							<lines>
								<line number="30" hits="157" branch="true" condition-coverage="100% (2/2)">
									<conditions>
										<condition number="0" type="jump" coverage="100%"/>
									</conditions>
								</line>
							</lines>
						</method>
						<method name="next" signature="()Ljava/lang/Object;" line-rate="1.0" branch-rate="0.5">
							<lines>
								<line number="37" hits="70" branch="true" condition-coverage="50% (1/2)">
									<conditions>
										<condition number="0" type="jump" coverage="50%"/>
									</conditions>
								</line>
								<line number="38" hits="70" branch="false"/>
							</lines>
						</method>
						<method name="reset" signature="()V" line-rate="1.0" branch-rate="1.0">
							<lines>
								<line number="45" hits="2" branch="false"/>
								<line number="46" hits="2" branch="false"/>
							</lines>
						</method>
					</methods>
					<lines>
						<line number="16" hits="18" branch="false"/>
						<line number="22" hits="18" branch="false"/>
						<line number="23" hits="18" branch="false"/>
						<line number="24" hits="18" branch="false"/>
						<line number="30" hits="157" branch="true" condition-coverage="100% (2/2)">
							<conditions>
								<condition number="0" type="jump" coverage="100%"/>
							</conditions>
						</line>
						<line number="37" hits="70" branch="true" condition-coverage="50% (1/2)">
							<conditions>
								<condition number="0" type="jump" coverage="50%"/>
							</conditions>
						</line>
						<line number="38" hits="70" branch="false"/>
						<line number="45" hits="2" branch="false"/>
						<line number="46" hits="2" branch="false"/>
					</lines>
				</class>
				<class name="ch.lambdaj.util.iterator.ResettableIteratorOnIterable" filename="ch/lambdaj/util/iterator/ResettableIteratorOnIterable.java" line-rate="1.0" branch-rate="1.0" complexity="1.0">
					<methods>
						<method name="&lt;init&gt;" signature="(Ljava/lang/Iterable;)V" line-rate="1.0" branch-rate="1.0">
							<lines>
								<line number="23" hits="94" branch="false"/>
								<line number="24" hits="94" branch="false"/>
								<line number="25" hits="94" branch="false"/>
								<line number="26" hits="94" branch="false"/>
							</lines>
						</method>
						<method name="hasNext" signature="()Z" line-rate="1.0" branch-rate="1.0">
							<lines>
								<line number="39" hits="703" branch="false"/>
							</lines>
						</method>
						<method name="next" signature="()Ljava/lang/Object;" line-rate="1.0" branch-rate="1.0">
							<lines>
								<line number="46" hits="620" branch="false"/>
							</lines>
						</method>
						<method name="reset" signature="()V" line-rate="1.0" branch-rate="1.0">
							<lines>
								<line number="32" hits="148" branch="false"/>
								<line number="33" hits="148" branch="false"/>
							</lines>
						</method>
					</methods>
					<lines>
						<line number="23" hits="94" branch="false"/>
						<line number="24" hits="94" branch="false"/>
						<line number="25" hits="94" branch="false"/>
						<line number="26" hits="94" branch="false"/>
						<line number="32" hits="148" branch="false"/>
						<line number="33" hits="148" branch="false"/>
						<line number="39" hits="703" branch="false"/>
						<line number="46" hits="620" branch="false"/>
					</lines>
				</class>
				<class name="ch.lambdaj.util.iterator.ResettableIteratorOnIterator" filename="ch/lambdaj/util/iterator/ResettableIteratorOnIterator.java" line-rate="1.0" branch-rate="0.875" complexity="2.5">
					<methods>
						<method name="&lt;init&gt;" signature="(Ljava/util/Iterator;)V" line-rate="1.0" branch-rate="1.0">
							<lines>
								<line number="17" hits="8" branch="false"/>
								<line number="20" hits="8" branch="false"/>
								<line number="26" hits="8" branch="false"/>
								<line number="27" hits="8" branch="false"/>
								<line number="28" hits="8" branch="false"/>
								<line number="29" hits="8" branch="false"/>
							</lines>
						</method>
						<method name="hasNext" signature="()Z" line-rate="1.0" branch-rate="0.75">
							<lines>
								<line number="44" hits="21" branch="true" condition-coverage="75% (3/4)">
									<conditions>
										<condition number="0" type="jump" coverage="100%"/>
										<condition number="1" type="jump" coverage="50%"/>
									</conditions>
								</line>
							</lines>
						</method>
						<method name="next" signature="()Ljava/lang/Object;" line-rate="1.0" branch-rate="1.0">
							<lines>
								<line number="51" hits="28" branch="true" condition-coverage="100% (2/2)">
									<conditions>
										<condition number="0" type="jump" coverage="100%"/>
									</conditions>
								</line>
								<line number="52" hits="20" branch="true" condition-coverage="100% (2/2)">
									<conditions>
										<condition number="0" type="jump" coverage="100%"/>
									</conditions>
								</line>
								<line number="53" hits="19" branch="false"/>
								<line number="54" hits="19" branch="false"/>
								<line number="55" hits="19" branch="false"/>
								<line number="57" hits="1" branch="false"/>
							</lines>
						</method>
						<method name="reset" signature="()V" line-rate="1.0" branch-rate="1.0">
							<lines>
								<line number="35" hits="13" branch="false"/>
								<line number="36" hits="13" branch="false"/>
								<line number="37" hits="13" branch="false"/>
								<line number="38" hits="13" branch="false"/>
							</lines>
						</method>
					</methods>
					<lines>
						<line number="17" hits="8" branch="false"/>
						<line number="20" hits="8" branch="false"/>
						<line number="26" hits="8" branch="false"/>
						<line number="27" hits="8" branch="false"/>
						<line number="28" hits="8" branch="false"/>
						<line number="29" hits="8" branch="false"/>
						<line number="35" hits="13" branch="false"/>
						<line number="36" hits="13" branch="false"/>
						<line number="37" hits="13" branch="false"/>
						<line number="38" hits="13" branch="false"/>
						<line number="44" hits="21" branch="true" condition-coverage="75% (3/4)">
							<conditions>
								<condition number="0" type="jump" coverage="100%"/>
								<condition number="1" type="jump" coverage="50%"/>
							</conditions>
						</line>
						<line number="51" hits="28" branch="true" condition-coverage="100% (2/2)">
							<conditions>
								<condition number="0" type="jump" coverage="100%"/>
							</conditions>
						</line>
						<line number="52" hits="20" branch="true" condition-coverage="100% (2/2)">
							<conditions>
								<condition number="0" type="jump" coverage="100%"/>
							</conditions>
						</line>
						<line number="53" hits="19" branch="false"/>
						<line number="54" hits="19" branch="false"/>
						<line number="55" hits="19" branch="false"/>
						<line number="57" hits="1" branch="false"/>
					</lines>
				</class>
			</classes>
		</package>
	</packages>
</coverage>
